Using pre-set license
Built from '2020.3/staging' branch; Version is '2020.3.28f1 (f5400f52e03f) revision 16072719'; Using compiler version '192528614'; Build Type 'Release'
OS: 'Windows 10  (10.0.19044) 64bit Professional' Language: 'ko' Physical Memory: 16318 MB
BatchMode: 1, IsHumanControllingUs: 0, StartBugReporterOnCrash: 0, Is64bit: 1, IsPro: 0

COMMAND LINE ARGUMENTS:
C:\Program Files\Unity\Hub\Editor\2020.3.28f1\Editor\Unity.exe
-adb2
-batchMode
-noUpm
-name
AssetImportWorker0
-projectPath
D:/Unity/GitHub/FallGuysVSAi/FallGuysVSAi
-logFile
Logs/AssetImportWorker0.log
-srvPort
60207
Successfully changed project path to: D:/Unity/GitHub/FallGuysVSAi/FallGuysVSAi
D:/Unity/GitHub/FallGuysVSAi/FallGuysVSAi
Using Asset Import Pipeline V2.
Refreshing native plugins compatible for Editor in 27.80 ms, found 2 plugins.
Preloading 0 native plugins for Editor in 0.00 ms.
Initialize engine version: 2020.3.28f1 (f5400f52e03f)
[Subsystems] Discovering subsystems at path C:/Program Files/Unity/Hub/Editor/2020.3.28f1/Editor/Data/Resources/UnitySubsystems
[Subsystems] Discovering subsystems at path D:/Unity/GitHub/FallGuysVSAi/FallGuysVSAi/Assets
GfxDevice: creating device client; threaded=0
Direct3D:
    Version:  Direct3D 11.0 [level 11.1]
    Renderer: NVIDIA GeForce GTX 1060 6GB (ID=0x1c03)
    Vendor:   
    VRAM:     6052 MB
    Driver:   27.21.14.5751
Initialize mono
Mono path[0] = 'C:/Program Files/Unity/Hub/Editor/2020.3.28f1/Editor/Data/Managed'
Mono path[1] = 'C:/Program Files/Unity/Hub/Editor/2020.3.28f1/Editor/Data/MonoBleedingEdge/lib/mono/unityjit'
Mono config path = 'C:/Program Files/Unity/Hub/Editor/2020.3.28f1/Editor/Data/MonoBleedingEdge/etc'
Using monoOptions --debugger-agent=transport=dt_socket,embedding=1,server=y,suspend=n,address=127.0.0.1:56428
Begin MonoManager ReloadAssembly
Registering precompiled unity dll's ...
Register platform support module: C:/Program Files/Unity/Hub/Editor/2020.3.28f1/Editor/Data/PlaybackEngines/WebGLSupport/UnityEditor.WebGL.Extensions.dll
Register platform support module: C:/Program Files/Unity/Hub/Editor/2020.3.28f1/Editor/Data/PlaybackEngines/WindowsStandaloneSupport/UnityEditor.WindowsStandalone.Extensions.dll
Registered in 0.002134 seconds.
Native extension for WindowsStandalone target not found
Native extension for WebGL target not found
Refreshing native plugins compatible for Editor in 27.84 ms, found 2 plugins.
Preloading 0 native plugins for Editor in 0.00 ms.
Mono: successfully reloaded assembly
- Completed reload, in  0.476 seconds
Domain Reload Profiling:
	ReloadAssembly (476ms)
		BeginReloadAssembly (53ms)
			ExecutionOrderSort (0ms)
			DisableScriptedObjects (0ms)
			BackupInstance (0ms)
			ReleaseScriptingObjects (0ms)
			CreateAndSetChildDomain (1ms)
		EndReloadAssembly (364ms)
			LoadAssemblies (52ms)
			RebuildTransferFunctionScriptingTraits (0ms)
			SetupTypeCache (122ms)
			ReleaseScriptCaches (0ms)
			RebuildScriptCaches (25ms)
			SetupLoadedEditorAssemblies (132ms)
				LogAssemblyErrors (0ms)
				InitializePlatformSupportModulesInManaged (4ms)
				SetLoadedEditorAssemblies (0ms)
				RefreshPlugins (28ms)
				BeforeProcessingInitializeOnLoad (11ms)
				ProcessInitializeOnLoadAttributes (66ms)
				ProcessInitializeOnLoadMethodAttributes (22ms)
				AfterProcessingInitializeOnLoad (0ms)
				EditorAssembliesLoaded (0ms)
			ExecutionOrderSort2 (0ms)
			AwakeInstancesAfterBackupRestoration (0ms)
Platform modules already initialized, skipping
Registering precompiled user dll's ...
Registered in 0.002612 seconds.
Begin MonoManager ReloadAssembly
Native extension for WindowsStandalone target not found
Native extension for WebGL target not found
Refreshing native plugins compatible for Editor in 0.31 ms, found 2 plugins.
Preloading 0 native plugins for Editor in 0.00 ms.
Mono: successfully reloaded assembly
- Completed reload, in  0.819 seconds
Domain Reload Profiling:
	ReloadAssembly (820ms)
		BeginReloadAssembly (126ms)
			ExecutionOrderSort (0ms)
			DisableScriptedObjects (4ms)
			BackupInstance (0ms)
			ReleaseScriptingObjects (0ms)
			CreateAndSetChildDomain (16ms)
		EndReloadAssembly (645ms)
			LoadAssemblies (80ms)
			RebuildTransferFunctionScriptingTraits (0ms)
			SetupTypeCache (230ms)
			ReleaseScriptCaches (0ms)
			RebuildScriptCaches (33ms)
			SetupLoadedEditorAssemblies (236ms)
				LogAssemblyErrors (0ms)
				InitializePlatformSupportModulesInManaged (4ms)
				SetLoadedEditorAssemblies (1ms)
				RefreshPlugins (0ms)
				BeforeProcessingInitializeOnLoad (71ms)
				ProcessInitializeOnLoadAttributes (148ms)
				ProcessInitializeOnLoadMethodAttributes (7ms)
				AfterProcessingInitializeOnLoad (6ms)
				EditorAssembliesLoaded (0ms)
			ExecutionOrderSort2 (0ms)
			AwakeInstancesAfterBackupRestoration (5ms)
Platform modules already initialized, skipping
========================================================================
Worker process is ready to serve import requests
Launched and connected shader compiler UnityShaderCompiler.exe after 0.06 seconds
Refreshing native plugins compatible for Editor in 0.34 ms, found 2 plugins.
Preloading 0 native plugins for Editor in 0.00 ms.
Unloading 1556 Unused Serialized files (Serialized files now loaded: 0)
System memory in use before: 73.4 MB.
System memory in use after: 73.4 MB.

Unloading 19 unused Assets to reduce memory usage. Loaded Objects now: 1991.
Total: 2.209700 ms (FindLiveObjects: 0.101900 ms CreateObjectMapping: 0.041400 ms MarkObjects: 2.017300 ms  DeleteObjects: 0.048600 ms)

AssetImportParameters requested are different than current active one (requested -> active):
  custom:framework-win-MediaFoundation: 216162199b28c13a410421893ffa2e32 -> 
  custom:video-decoder-ogg-theora: a1e56fd34408186e4bbccfd4996cb3dc -> 
  custom:container-muxer-webm: aa71ff27fc2769a1b78a27578f13a17b -> 
  custom:container-demuxer-webm: 4f35f7cbe854078d1ac9338744f61a02 -> 
  custom:container-demuxer-ogg: 62fdf1f143b41e24485cea50d1cbac27 -> 
  custom:video-encoder-webm-vp8: eb34c28f22e8b96e1ab97ce403110664 -> 
  custom:video-decoder-webm-vp8: 9c59270c3fd7afecdb556c50c9e8de78 -> 
  custom:audio-decoder-ogg-vorbis: bf7c407c2cedff20999df2af8eb42d56 -> 
  custom:audio-encoder-webm-vorbis: bf7c407c2cedff20999df2af8eb42d56 -> 
========================================================================
Received Import Request.
  path: Assets/3.Prefab/Test
  artifactKey: Guid(e8e1ec9b5a46c8a449f75a9d8e391265) Importer(815301076,1909f56bfc062723c751e8b465ee728b)
Start importing Assets/3.Prefab/Test using Guid(e8e1ec9b5a46c8a449f75a9d8e391265) Importer(815301076,1909f56bfc062723c751e8b465ee728b)  -> (artifact id: '3d00f9cee7e0902b6db24821604d7ecf') in 0.006135 seconds 
  Import took 0.008266 seconds .

========================================================================
Received Import Request.
  Time since last request: 38.228027 seconds.
  path: Assets/QuarterView 3D Action BE5/Materials/Weapon Grenade.mat
  artifactKey: Guid(e3a61e3a9dd7bca4aade965978ad038e) Importer(815301076,1909f56bfc062723c751e8b465ee728b)
Start importing Assets/QuarterView 3D Action BE5/Materials/Weapon Grenade.mat using Guid(e3a61e3a9dd7bca4aade965978ad038e) Importer(815301076,1909f56bfc062723c751e8b465ee728b)  -> (artifact id: 'fc86d994c92fa6af355653379c934811') in 0.135049 seconds 
  Import took 0.137473 seconds .

========================================================================
Received Import Request.
  Time since last request: 48.643375 seconds.
  path: Assets/3.Prefab/Test/Ludo2.prefab
  artifactKey: Guid(ed1108e766d657d45923269175c52cd5) Importer(815301076,1909f56bfc062723c751e8b465ee728b)
Start importing Assets/3.Prefab/Test/Ludo2.prefab using Guid(ed1108e766d657d45923269175c52cd5) Importer(815301076,1909f56bfc062723c751e8b465ee728b)  -> (artifact id: '2e79262b55c223792d4ca4cfe5a1dd23') in 0.034302 seconds 
  Import took 0.036692 seconds .

========================================================================
Received Import Request.
  Time since last request: 3.183143 seconds.
  path: Assets/3.Prefab/Test/Ludo2.prefabmeta
  artifactKey: Guid(2bda8060fc4d40741a4b4ccb2d71e8c8) Importer(815301076,1909f56bfc062723c751e8b465ee728b)
Start importing Assets/3.Prefab/Test/Ludo2.prefabmeta using Guid(2bda8060fc4d40741a4b4ccb2d71e8c8) Importer(815301076,1909f56bfc062723c751e8b465ee728b)  -> (artifact id: '298e08c9fb9ab59a6bba5db92801bce3') in 0.005409 seconds 
  Import took 0.007934 seconds .

========================================================================
Received Import Request.
  Time since last request: 37.989320 seconds.
  path: Assets/1.Risours/Materials/Test
  artifactKey: Guid(f9904dad1ec978b48a7f9ced9af3ae75) Importer(815301076,1909f56bfc062723c751e8b465ee728b)
Start importing Assets/1.Risours/Materials/Test using Guid(f9904dad1ec978b48a7f9ced9af3ae75) Importer(815301076,1909f56bfc062723c751e8b465ee728b)  -> (artifact id: 'be2118892c12634f63c87d306708f9ce') in 0.002571 seconds 
  Import took 0.005419 seconds .

========================================================================
Received Import Request.
  Time since last request: 139.705840 seconds.
  path: Assets/3.Prefab/Test/Ludo.prefab
  artifactKey: Guid(cd8e3c00b0f28f0419943b46a579c6fc) Importer(815301076,1909f56bfc062723c751e8b465ee728b)
Start importing Assets/3.Prefab/Test/Ludo.prefab using Guid(cd8e3c00b0f28f0419943b46a579c6fc) Importer(815301076,1909f56bfc062723c751e8b465ee728b)  -> (artifact id: '5baa9d49c37ab0e0db9e7e53976418a9') in 0.016986 seconds 
  Import took 0.019921 seconds .

========================================================================
Received Import Request.
  Time since last request: 6.999473 seconds.
  path: Assets/3.Prefab/Test/Ludo.prefab
  artifactKey: Guid(cd8e3c00b0f28f0419943b46a579c6fc) Importer(815301076,1909f56bfc062723c751e8b465ee728b)
Start importing Assets/3.Prefab/Test/Ludo.prefab using Guid(cd8e3c00b0f28f0419943b46a579c6fc) Importer(815301076,1909f56bfc062723c751e8b465ee728b)  -> (artifact id: '3f801f8b3611526ce5db337bdbb9f245') in 0.011910 seconds 
  Import took 0.014508 seconds .

========================================================================
Received Import Request.
  Time since last request: 1.862991 seconds.
  path: Assets/3.Prefab/Test/Ludo.prefab
  artifactKey: Guid(cd8e3c00b0f28f0419943b46a579c6fc) Importer(815301076,1909f56bfc062723c751e8b465ee728b)
Start importing Assets/3.Prefab/Test/Ludo.prefab using Guid(cd8e3c00b0f28f0419943b46a579c6fc) Importer(815301076,1909f56bfc062723c751e8b465ee728b)  -> (artifact id: 'b229eb18584a9d9b799ccf265b6ca319') in 0.016415 seconds 
  Import took 0.018929 seconds .

========================================================================
Received Import Request.
  Time since last request: 0.787895 seconds.
  path: Assets/3.Prefab/Test/Ludo.prefab
  artifactKey: Guid(cd8e3c00b0f28f0419943b46a579c6fc) Importer(815301076,1909f56bfc062723c751e8b465ee728b)
Start importing Assets/3.Prefab/Test/Ludo.prefab using Guid(cd8e3c00b0f28f0419943b46a579c6fc) Importer(815301076,1909f56bfc062723c751e8b465ee728b)  -> (artifact id: '8997ec109f7fa5c3855bba9a4bb5a84f') in 0.017410 seconds 
  Import took 0.019815 seconds .

========================================================================
Received Import Request.
  Time since last request: 0.382979 seconds.
  path: Assets/3.Prefab/Test/Ludo.prefab
  artifactKey: Guid(cd8e3c00b0f28f0419943b46a579c6fc) Importer(815301076,1909f56bfc062723c751e8b465ee728b)
Start importing Assets/3.Prefab/Test/Ludo.prefab using Guid(cd8e3c00b0f28f0419943b46a579c6fc) Importer(815301076,1909f56bfc062723c751e8b465ee728b)  -> (artifact id: '51d33e735f7dd1655ed0ccceaf7a903c') in 0.010346 seconds 
  Import took 0.012970 seconds .

========================================================================
Received Import Request.
  Time since last request: 0.188994 seconds.
  path: Assets/3.Prefab/Test/Ludo.prefab
  artifactKey: Guid(cd8e3c00b0f28f0419943b46a579c6fc) Importer(815301076,1909f56bfc062723c751e8b465ee728b)
Start importing Assets/3.Prefab/Test/Ludo.prefab using Guid(cd8e3c00b0f28f0419943b46a579c6fc) Importer(815301076,1909f56bfc062723c751e8b465ee728b)  -> (artifact id: 'f5d174da3270ed24730449728681431c') in 0.012096 seconds 
  Import took 0.014576 seconds .

========================================================================
Received Import Request.
  Time since last request: 9.039341 seconds.
  path: Assets/3.Prefab/Test/Ludo.prefab
  artifactKey: Guid(cd8e3c00b0f28f0419943b46a579c6fc) Importer(815301076,1909f56bfc062723c751e8b465ee728b)
Start importing Assets/3.Prefab/Test/Ludo.prefab using Guid(cd8e3c00b0f28f0419943b46a579c6fc) Importer(815301076,1909f56bfc062723c751e8b465ee728b)  -> (artifact id: '6e7d0f06ed1db7eab5136b1c4fcc442d') in 0.008338 seconds 
  Import took 0.010696 seconds .

========================================================================
Received Import Request.
  Time since last request: 1.003065 seconds.
  path: Assets/3.Prefab/Test/Ludo.prefab
  artifactKey: Guid(cd8e3c00b0f28f0419943b46a579c6fc) Importer(815301076,1909f56bfc062723c751e8b465ee728b)
Start importing Assets/3.Prefab/Test/Ludo.prefab using Guid(cd8e3c00b0f28f0419943b46a579c6fc) Importer(815301076,1909f56bfc062723c751e8b465ee728b)  -> (artifact id: '9b4bdc246e47407d415e7306607ca60f') in 0.008620 seconds 
  Import took 0.010983 seconds .

========================================================================
Received Import Request.
  Time since last request: 4.906087 seconds.
  path: Assets/3.Prefab/Test/Ludo2.prefab
  artifactKey: Guid(ed1108e766d657d45923269175c52cd5) Importer(815301076,1909f56bfc062723c751e8b465ee728b)
Start importing Assets/3.Prefab/Test/Ludo2.prefab using Guid(ed1108e766d657d45923269175c52cd5) Importer(815301076,1909f56bfc062723c751e8b465ee728b)  -> (artifact id: 'dcdf4d8bd5f090cf16f1f7623deddcff') in 0.008717 seconds 
  Import took 0.011607 seconds .

========================================================================
Received Import Request.
  Time since last request: 0.596474 seconds.
  path: Assets/3.Prefab/Test/Ludo.prefab
  artifactKey: Guid(cd8e3c00b0f28f0419943b46a579c6fc) Importer(815301076,1909f56bfc062723c751e8b465ee728b)
Start importing Assets/3.Prefab/Test/Ludo.prefab using Guid(cd8e3c00b0f28f0419943b46a579c6fc) Importer(815301076,1909f56bfc062723c751e8b465ee728b)  -> (artifact id: 'e27a02539cf63e24e810af5bb8650a64') in 0.007570 seconds 
  Import took 0.010132 seconds .

========================================================================
Received Import Request.
  Time since last request: 1339.676866 seconds.
  path: Assets/3.Prefab/Test/Ludo.prefab
  artifactKey: Guid(cd8e3c00b0f28f0419943b46a579c6fc) Importer(815301076,1909f56bfc062723c751e8b465ee728b)
Start importing Assets/3.Prefab/Test/Ludo.prefab using Guid(cd8e3c00b0f28f0419943b46a579c6fc) Importer(815301076,1909f56bfc062723c751e8b465ee728b)  -> (artifact id: '6e724748cefa154baaa2ad06a0b7d7ed') in 0.025676 seconds 
  Import took 0.028682 seconds .

========================================================================
Received Import Request.
  Time since last request: 9.620458 seconds.
  path: Assets/3.Prefab/Test/Ludo.prefab
  artifactKey: Guid(cd8e3c00b0f28f0419943b46a579c6fc) Importer(815301076,1909f56bfc062723c751e8b465ee728b)
Start importing Assets/3.Prefab/Test/Ludo.prefab using Guid(cd8e3c00b0f28f0419943b46a579c6fc) Importer(815301076,1909f56bfc062723c751e8b465ee728b)  -> (artifact id: '49040b6b98005d9dc41487157c09aca7') in 0.009514 seconds 
  Import took 0.012278 seconds .

========================================================================
Received Import Request.
  Time since last request: 37.606788 seconds.
  path: Assets/3.Prefab/Test/Ludo.prefab
  artifactKey: Guid(cd8e3c00b0f28f0419943b46a579c6fc) Importer(815301076,1909f56bfc062723c751e8b465ee728b)
Start importing Assets/3.Prefab/Test/Ludo.prefab using Guid(cd8e3c00b0f28f0419943b46a579c6fc) Importer(815301076,1909f56bfc062723c751e8b465ee728b)  -> (artifact id: '72d3d77bd5a822047e33856ee367d57a') in 0.010826 seconds 
  Import took 0.013474 seconds .

========================================================================
Received Import Request.
  Time since last request: 71.078767 seconds.
  path: Assets/3.Prefab/Test/Ludo2.prefab
  artifactKey: Guid(ed1108e766d657d45923269175c52cd5) Importer(815301076,1909f56bfc062723c751e8b465ee728b)
Start importing Assets/3.Prefab/Test/Ludo2.prefab using Guid(ed1108e766d657d45923269175c52cd5) Importer(815301076,1909f56bfc062723c751e8b465ee728b)  -> (artifact id: '784572647cccf7f3c4651dd16eed7c5b') in 0.008313 seconds 
  Import took 0.010958 seconds .

========================================================================
Received Import Request.
  Time since last request: 62.469166 seconds.
  path: Assets/3.Prefab/Test/Ludo2.prefab
  artifactKey: Guid(ed1108e766d657d45923269175c52cd5) Importer(815301076,1909f56bfc062723c751e8b465ee728b)
Start importing Assets/3.Prefab/Test/Ludo2.prefab using Guid(ed1108e766d657d45923269175c52cd5) Importer(815301076,1909f56bfc062723c751e8b465ee728b)  -> (artifact id: '63fece57d4caf50540522b57149aa5ed') in 0.008564 seconds 
  Import took 0.011086 seconds .

========================================================================
Received Import Request.
  Time since last request: 13.341400 seconds.
  path: Assets/3.Prefab/Test/Ludo3.prefab
  artifactKey: Guid(0468d6a0f23dfd149941fd9716a223d7) Importer(815301076,1909f56bfc062723c751e8b465ee728b)
Start importing Assets/3.Prefab/Test/Ludo3.prefab using Guid(0468d6a0f23dfd149941fd9716a223d7) Importer(815301076,1909f56bfc062723c751e8b465ee728b)  -> (artifact id: '051ee4a3e637141d13ecc25027c432b6') in 0.010772 seconds 
  Import took 0.013296 seconds .

========================================================================
Received Import Request.
  Time since last request: 5.298417 seconds.
  path: Assets/3.Prefab/Test/Ludo.prefab
  artifactKey: Guid(cd8e3c00b0f28f0419943b46a579c6fc) Importer(815301076,1909f56bfc062723c751e8b465ee728b)
Start importing Assets/3.Prefab/Test/Ludo.prefab using Guid(cd8e3c00b0f28f0419943b46a579c6fc) Importer(815301076,1909f56bfc062723c751e8b465ee728b)  -> (artifact id: 'b4c3507020c5cb3cd642df73066a6612') in 0.008853 seconds 
  Import took 0.011459 seconds .

========================================================================
Received Import Request.
  Time since last request: 1.882941 seconds.
  path: Assets/3.Prefab/Test/Ludo.prefab
  artifactKey: Guid(cd8e3c00b0f28f0419943b46a579c6fc) Importer(815301076,1909f56bfc062723c751e8b465ee728b)
Start importing Assets/3.Prefab/Test/Ludo.prefab using Guid(cd8e3c00b0f28f0419943b46a579c6fc) Importer(815301076,1909f56bfc062723c751e8b465ee728b)  -> (artifact id: 'c258eed82c87ece3460194ea701d3d31') in 0.008327 seconds 
  Import took 0.010985 seconds .

========================================================================
Received Import Request.
  Time since last request: 0.838239 seconds.
  path: Assets/3.Prefab/Test/Ludo3.prefab
  artifactKey: Guid(0468d6a0f23dfd149941fd9716a223d7) Importer(815301076,1909f56bfc062723c751e8b465ee728b)
Start importing Assets/3.Prefab/Test/Ludo3.prefab using Guid(0468d6a0f23dfd149941fd9716a223d7) Importer(815301076,1909f56bfc062723c751e8b465ee728b)  -> (artifact id: '4ff2405d801f67169f842f744b81b48a') in 0.007874 seconds 
  Import took 0.010382 seconds .

========================================================================
Received Import Request.
  Time since last request: 0.389183 seconds.
  path: Assets/3.Prefab/Test/Ludo2.prefab
  artifactKey: Guid(ed1108e766d657d45923269175c52cd5) Importer(815301076,1909f56bfc062723c751e8b465ee728b)
Start importing Assets/3.Prefab/Test/Ludo2.prefab using Guid(ed1108e766d657d45923269175c52cd5) Importer(815301076,1909f56bfc062723c751e8b465ee728b)  -> (artifact id: '8bec1dcfda8c6daa5146832443300685') in 0.008164 seconds 
  Import took 0.010662 seconds .

========================================================================
Received Import Request.
  Time since last request: 366.985294 seconds.
  path: Assets/3.Prefab/Test/Luna.prefab
  artifactKey: Guid(6f5cb1003ab50aa4b9bc26bc9ca47159) Importer(815301076,1909f56bfc062723c751e8b465ee728b)
Start importing Assets/3.Prefab/Test/Luna.prefab using Guid(6f5cb1003ab50aa4b9bc26bc9ca47159) Importer(815301076,1909f56bfc062723c751e8b465ee728b)  -> (artifact id: '5c4fe52ff0913609a549b8ce1cf4fa92') in 0.035733 seconds 
  Import took 0.038507 seconds .

========================================================================
Received Import Request.
  Time since last request: 5.053255 seconds.
  path: Assets/3.Prefab/Test/Luna.prefab
  artifactKey: Guid(6f5cb1003ab50aa4b9bc26bc9ca47159) Importer(815301076,1909f56bfc062723c751e8b465ee728b)
Start importing Assets/3.Prefab/Test/Luna.prefab using Guid(6f5cb1003ab50aa4b9bc26bc9ca47159) Importer(815301076,1909f56bfc062723c751e8b465ee728b)  -> (artifact id: '1e64d8f1a87c580984ffc08165368e5f') in 0.010437 seconds 
  Import took 0.012944 seconds .

========================================================================
Received Import Request.
  Time since last request: 2.822243 seconds.
  path: Assets/3.Prefab/Test/Luna.prefab
  artifactKey: Guid(6f5cb1003ab50aa4b9bc26bc9ca47159) Importer(815301076,1909f56bfc062723c751e8b465ee728b)
Start importing Assets/3.Prefab/Test/Luna.prefab using Guid(6f5cb1003ab50aa4b9bc26bc9ca47159) Importer(815301076,1909f56bfc062723c751e8b465ee728b)  -> (artifact id: '5429081f47754f088615a699b1b33298') in 0.012341 seconds 
  Import took 0.015957 seconds .

========================================================================
Received Import Request.
  Time since last request: 4.335529 seconds.
  path: Assets/3.Prefab/Test/Luna.prefab
  artifactKey: Guid(6f5cb1003ab50aa4b9bc26bc9ca47159) Importer(815301076,1909f56bfc062723c751e8b465ee728b)
Start importing Assets/3.Prefab/Test/Luna.prefab using Guid(6f5cb1003ab50aa4b9bc26bc9ca47159) Importer(815301076,1909f56bfc062723c751e8b465ee728b)  -> (artifact id: '71ff46b1d91009bc469ba07ca6ddbbf7') in 0.009019 seconds 
  Import took 0.011758 seconds .

========================================================================
Received Import Request.
  Time since last request: 2.504615 seconds.
  path: Assets/3.Prefab/Test/Luna.prefab
  artifactKey: Guid(6f5cb1003ab50aa4b9bc26bc9ca47159) Importer(815301076,1909f56bfc062723c751e8b465ee728b)
Start importing Assets/3.Prefab/Test/Luna.prefab using Guid(6f5cb1003ab50aa4b9bc26bc9ca47159) Importer(815301076,1909f56bfc062723c751e8b465ee728b)  -> (artifact id: '2ebb2553d739dd2dfb0e948e30dbc7d0') in 0.029847 seconds 
  Import took 0.032249 seconds .

========================================================================
Received Import Request.
  Time since last request: 0.168318 seconds.
  path: Assets/3.Prefab/Test/Luna.prefab
  artifactKey: Guid(6f5cb1003ab50aa4b9bc26bc9ca47159) Importer(815301076,1909f56bfc062723c751e8b465ee728b)
Start importing Assets/3.Prefab/Test/Luna.prefab using Guid(6f5cb1003ab50aa4b9bc26bc9ca47159) Importer(815301076,1909f56bfc062723c751e8b465ee728b)  -> (artifact id: '6b65d1e566bb9b3e6fbca35db6626cae') in 0.007707 seconds 
  Import took 0.010800 seconds .

========================================================================
Received Import Request.
  Time since last request: 0.392308 seconds.
  path: Assets/3.Prefab/Test/Luna.prefab
  artifactKey: Guid(6f5cb1003ab50aa4b9bc26bc9ca47159) Importer(815301076,1909f56bfc062723c751e8b465ee728b)
Start importing Assets/3.Prefab/Test/Luna.prefab using Guid(6f5cb1003ab50aa4b9bc26bc9ca47159) Importer(815301076,1909f56bfc062723c751e8b465ee728b)  -> (artifact id: 'fbd5b064e12b5ea7a477e26cf7a869e8') in 0.011620 seconds 
  Import took 0.014814 seconds .

========================================================================
Received Import Request.
  Time since last request: 19.756231 seconds.
  path: Assets/3.Prefab/Test/Luna.prefab
  artifactKey: Guid(6f5cb1003ab50aa4b9bc26bc9ca47159) Importer(815301076,1909f56bfc062723c751e8b465ee728b)
Start importing Assets/3.Prefab/Test/Luna.prefab using Guid(6f5cb1003ab50aa4b9bc26bc9ca47159) Importer(815301076,1909f56bfc062723c751e8b465ee728b)  -> (artifact id: '04d871c8b63f73f321b3bb5076d4596b') in 0.011725 seconds 
  Import took 0.014837 seconds .

========================================================================
Received Import Request.
  Time since last request: 36.610795 seconds.
  path: Assets/3.Prefab/Test/Luna.prefab
  artifactKey: Guid(6f5cb1003ab50aa4b9bc26bc9ca47159) Importer(815301076,1909f56bfc062723c751e8b465ee728b)
Start importing Assets/3.Prefab/Test/Luna.prefab using Guid(6f5cb1003ab50aa4b9bc26bc9ca47159) Importer(815301076,1909f56bfc062723c751e8b465ee728b)  -> (artifact id: '5ce2e9407251801857ff42c3409c1302') in 0.024991 seconds 
  Import took 0.027871 seconds .

========================================================================
Received Import Request.
  Time since last request: 48.909459 seconds.
  path: Assets/3.Prefab/Test/Ludo4.prefab
  artifactKey: Guid(6c31ab835a283c449983e85c305bdf29) Importer(815301076,1909f56bfc062723c751e8b465ee728b)
Start importing Assets/3.Prefab/Test/Ludo4.prefab using Guid(6c31ab835a283c449983e85c305bdf29) Importer(815301076,1909f56bfc062723c751e8b465ee728b)  -> (artifact id: 'f9b8ed4a8e03c43737136b600dee3bea') in 0.011096 seconds 
  Import took 0.013741 seconds .

========================================================================
Received Import Request.
  Time since last request: 0.698083 seconds.
  path: Assets/3.Prefab/Test/Luna2.prefab
  artifactKey: Guid(4d5236ddbf3c3b14393818917400c089) Importer(815301076,1909f56bfc062723c751e8b465ee728b)
Start importing Assets/3.Prefab/Test/Luna2.prefab using Guid(4d5236ddbf3c3b14393818917400c089) Importer(815301076,1909f56bfc062723c751e8b465ee728b)  -> (artifact id: 'a0d4b581238bd6bd09283b2addb127bd') in 0.013048 seconds 
  Import took 0.015863 seconds .

========================================================================
Received Import Request.
  Time since last request: 0.281234 seconds.
  path: Assets/3.Prefab/Test/Luna3.prefab
  artifactKey: Guid(f33834c71eaca354d8acd313c9094408) Importer(815301076,1909f56bfc062723c751e8b465ee728b)
Start importing Assets/3.Prefab/Test/Luna3.prefab using Guid(f33834c71eaca354d8acd313c9094408) Importer(815301076,1909f56bfc062723c751e8b465ee728b)  -> (artifact id: '70856acd37fbbee6ea94e92550f4f1a0') in 0.015295 seconds 
  Import took 0.017789 seconds .

========================================================================
Received Prepare
Registering precompiled user dll's ...
Registered in 0.002906 seconds.
Begin MonoManager ReloadAssembly
Native extension for WindowsStandalone target not found
Native extension for WebGL target not found
Refreshing native plugins compatible for Editor in 0.32 ms, found 2 plugins.
Preloading 0 native plugins for Editor in 0.00 ms.
Mono: successfully reloaded assembly
- Completed reload, in  0.870 seconds
Domain Reload Profiling:
	ReloadAssembly (871ms)
		BeginReloadAssembly (102ms)
			ExecutionOrderSort (0ms)
			DisableScriptedObjects (3ms)
			BackupInstance (0ms)
			ReleaseScriptingObjects (0ms)
			CreateAndSetChildDomain (30ms)
		EndReloadAssembly (718ms)
			LoadAssemblies (79ms)
			RebuildTransferFunctionScriptingTraits (0ms)
			SetupTypeCache (231ms)
			ReleaseScriptCaches (1ms)
			RebuildScriptCaches (31ms)
			SetupLoadedEditorAssemblies (305ms)
				LogAssemblyErrors (0ms)
				InitializePlatformSupportModulesInManaged (4ms)
				SetLoadedEditorAssemblies (0ms)
				RefreshPlugins (0ms)
				BeforeProcessingInitializeOnLoad (71ms)
				ProcessInitializeOnLoadAttributes (215ms)
				ProcessInitializeOnLoadMethodAttributes (8ms)
				AfterProcessingInitializeOnLoad (6ms)
				EditorAssembliesLoaded (0ms)
			ExecutionOrderSort2 (0ms)
			AwakeInstancesAfterBackupRestoration (6ms)
Platform modules already initialized, skipping
Refreshing native plugins compatible for Editor in 0.32 ms, found 2 plugins.
Preloading 0 native plugins for Editor in 0.00 ms.
Unloading 1549 Unused Serialized files (Serialized files now loaded: 0)
System memory in use before: 76.6 MB.
System memory in use after: 76.7 MB.

Unloading 14 unused Assets to reduce memory usage. Loaded Objects now: 2033.
Total: 2.121800 ms (FindLiveObjects: 0.103800 ms CreateObjectMapping: 0.039200 ms MarkObjects: 1.962900 ms  DeleteObjects: 0.015200 ms)

AssetImportParameters requested are different than current active one (requested -> active):
  custom:framework-win-MediaFoundation: 216162199b28c13a410421893ffa2e32 -> 
  custom:video-decoder-ogg-theora: a1e56fd34408186e4bbccfd4996cb3dc -> 
  custom:container-muxer-webm: aa71ff27fc2769a1b78a27578f13a17b -> 
  custom:container-demuxer-webm: 4f35f7cbe854078d1ac9338744f61a02 -> 
  custom:container-demuxer-ogg: 62fdf1f143b41e24485cea50d1cbac27 -> 
  custom:video-encoder-webm-vp8: eb34c28f22e8b96e1ab97ce403110664 -> 
  custom:video-decoder-webm-vp8: 9c59270c3fd7afecdb556c50c9e8de78 -> 
  custom:audio-decoder-ogg-vorbis: bf7c407c2cedff20999df2af8eb42d56 -> 
  custom:audio-encoder-webm-vorbis: bf7c407c2cedff20999df2af8eb42d56 -> 
========================================================================
Received Import Request.
  Time since last request: 2530.338151 seconds.
  path: Assets/0.Scenes/GameScene.unity
  artifactKey: Guid(9fc0d4010bbf28b4594072e72b8655ab) Importer(815301076,1909f56bfc062723c751e8b465ee728b)
Start importing Assets/0.Scenes/GameScene.unity using Guid(9fc0d4010bbf28b4594072e72b8655ab) Importer(815301076,1909f56bfc062723c751e8b465ee728b)  -> (artifact id: '3d3efa705b1b1bf74af0d23616e1fd16') in 0.017924 seconds 
  Import took 0.020598 seconds .

========================================================================
Received Import Request.
  Time since last request: 554.257225 seconds.
  path: Assets/0.Scenes/Photo
  artifactKey: Guid(b833253b0f3f8974c9f06d424916d0c1) Importer(815301076,1909f56bfc062723c751e8b465ee728b)
Start importing Assets/0.Scenes/Photo using Guid(b833253b0f3f8974c9f06d424916d0c1) Importer(815301076,1909f56bfc062723c751e8b465ee728b)  -> (artifact id: '802515d36e6f6462f02bbca52cc86994') in 0.005712 seconds 
  Import took 0.008771 seconds .

========================================================================
Received Import Request.
  Time since last request: 26.464570 seconds.
  path: Assets/0.Scenes/Photo/i13237507086.psd
  artifactKey: Guid(4408e1a4e8e331d45a764effb4a426f0) Importer(815301076,1909f56bfc062723c751e8b465ee728b)
Start importing Assets/0.Scenes/Photo/i13237507086.psd using Guid(4408e1a4e8e331d45a764effb4a426f0) Importer(815301076,1909f56bfc062723c751e8b465ee728b)  -> (artifact id: '8ce096b6e1597a5e944346a7169f3d7a') in 0.042717 seconds 
  Import took 0.045068 seconds .

========================================================================
Received Import Request.
  Time since last request: 4.307116 seconds.
  path: Assets/0.Scenes/Photo/i13237507086.jpg
  artifactKey: Guid(4c6eddf0c60287b4fbf46a0e6a09598b) Importer(815301076,1909f56bfc062723c751e8b465ee728b)
Start importing Assets/0.Scenes/Photo/i13237507086.jpg using Guid(4c6eddf0c60287b4fbf46a0e6a09598b) Importer(815301076,1909f56bfc062723c751e8b465ee728b)  -> (artifact id: '0ffb173bbcea308edb0268a2830a5bf1') in 0.044400 seconds 
  Import took 0.046557 seconds .

========================================================================
Received Import Request.
  Time since last request: 187.726365 seconds.
  path: Assets/0.Scenes/Photo/Materials
  artifactKey: Guid(9c664e26b60db5e49be5a31342da590c) Importer(815301076,1909f56bfc062723c751e8b465ee728b)
Start importing Assets/0.Scenes/Photo/Materials using Guid(9c664e26b60db5e49be5a31342da590c) Importer(815301076,1909f56bfc062723c751e8b465ee728b)  -> (artifact id: 'b7be5a3cf3eb254da538f7c4642bf079') in 0.008649 seconds 
  Import took 0.011689 seconds .

========================================================================
Received Import Request.
  Time since last request: 801.014577 seconds.
  path: Assets/0.Scenes/MainScene.unity
  artifactKey: Guid(dd48bc1c5ce4f1a45bf6cf5dd4ccc6bc) Importer(815301076,1909f56bfc062723c751e8b465ee728b)
Start importing Assets/0.Scenes/MainScene.unity using Guid(dd48bc1c5ce4f1a45bf6cf5dd4ccc6bc) Importer(815301076,1909f56bfc062723c751e8b465ee728b)  -> (artifact id: 'd81b58b246816be221fe7417a97fb436') in 0.008065 seconds 
  Import took 0.012299 seconds .

========================================================================
Received Prepare
Registering precompiled user dll's ...
Registered in 0.003205 seconds.
Begin MonoManager ReloadAssembly
Native extension for WindowsStandalone target not found
Native extension for WebGL target not found
Refreshing native plugins compatible for Editor in 0.38 ms, found 2 plugins.
Preloading 0 native plugins for Editor in 0.00 ms.
Mono: successfully reloaded assembly
- Completed reload, in  0.981 seconds
Domain Reload Profiling:
	ReloadAssembly (981ms)
		BeginReloadAssembly (136ms)
			ExecutionOrderSort (0ms)
			DisableScriptedObjects (4ms)
			BackupInstance (0ms)
			ReleaseScriptingObjects (0ms)
			CreateAndSetChildDomain (48ms)
		EndReloadAssembly (783ms)
			LoadAssemblies (102ms)
			RebuildTransferFunctionScriptingTraits (0ms)
			SetupTypeCache (288ms)
			ReleaseScriptCaches (1ms)
			RebuildScriptCaches (37ms)
			SetupLoadedEditorAssemblies (277ms)
				LogAssemblyErrors (0ms)
				InitializePlatformSupportModulesInManaged (5ms)
				SetLoadedEditorAssemblies (0ms)
				RefreshPlugins (0ms)
				BeforeProcessingInitializeOnLoad (81ms)
				ProcessInitializeOnLoadAttributes (173ms)
				ProcessInitializeOnLoadMethodAttributes (8ms)
				AfterProcessingInitializeOnLoad (8ms)
				EditorAssembliesLoaded (0ms)
			ExecutionOrderSort2 (0ms)
			AwakeInstancesAfterBackupRestoration (9ms)
Platform modules already initialized, skipping
Refreshing native plugins compatible for Editor in 0.46 ms, found 2 plugins.
Preloading 0 native plugins for Editor in 0.00 ms.
Unloading 1562 Unused Serialized files (Serialized files now loaded: 0)
System memory in use before: 78.8 MB.
System memory in use after: 78.3 MB.

Unloading 27 unused Assets to reduce memory usage. Loaded Objects now: 2037.
Total: 3.122500 ms (FindLiveObjects: 0.175900 ms CreateObjectMapping: 0.130700 ms MarkObjects: 2.528400 ms  DeleteObjects: 0.286600 ms)

AssetImportParameters requested are different than current active one (requested -> active):
  custom:framework-win-MediaFoundation: 216162199b28c13a410421893ffa2e32 -> 
  custom:video-decoder-ogg-theora: a1e56fd34408186e4bbccfd4996cb3dc -> 
  custom:container-muxer-webm: aa71ff27fc2769a1b78a27578f13a17b -> 
  custom:container-demuxer-webm: 4f35f7cbe854078d1ac9338744f61a02 -> 
  custom:container-demuxer-ogg: 62fdf1f143b41e24485cea50d1cbac27 -> 
  custom:video-encoder-webm-vp8: eb34c28f22e8b96e1ab97ce403110664 -> 
  custom:video-decoder-webm-vp8: 9c59270c3fd7afecdb556c50c9e8de78 -> 
  custom:audio-decoder-ogg-vorbis: bf7c407c2cedff20999df2af8eb42d56 -> 
  custom:audio-encoder-webm-vorbis: bf7c407c2cedff20999df2af8eb42d56 -> 
========================================================================
Received Prepare
Registering precompiled user dll's ...
Registered in 0.003786 seconds.
Begin MonoManager ReloadAssembly
Native extension for WindowsStandalone target not found
Native extension for WebGL target not found
Refreshing native plugins compatible for Editor in 0.33 ms, found 2 plugins.
Preloading 0 native plugins for Editor in 0.00 ms.
Mono: successfully reloaded assembly
- Completed reload, in  0.783 seconds
Domain Reload Profiling:
	ReloadAssembly (784ms)
		BeginReloadAssembly (95ms)
			ExecutionOrderSort (0ms)
			DisableScriptedObjects (4ms)
			BackupInstance (0ms)
			ReleaseScriptingObjects (0ms)
			CreateAndSetChildDomain (25ms)
		EndReloadAssembly (637ms)
			LoadAssemblies (78ms)
			RebuildTransferFunctionScriptingTraits (0ms)
			SetupTypeCache (226ms)
			ReleaseScriptCaches (1ms)
			RebuildScriptCaches (32ms)
			SetupLoadedEditorAssemblies (232ms)
				LogAssemblyErrors (0ms)
				InitializePlatformSupportModulesInManaged (4ms)
				SetLoadedEditorAssemblies (0ms)
				RefreshPlugins (0ms)
				BeforeProcessingInitializeOnLoad (69ms)
				ProcessInitializeOnLoadAttributes (144ms)
				ProcessInitializeOnLoadMethodAttributes (7ms)
				AfterProcessingInitializeOnLoad (6ms)
				EditorAssembliesLoaded (0ms)
			ExecutionOrderSort2 (0ms)
			AwakeInstancesAfterBackupRestoration (6ms)
Platform modules already initialized, skipping
Refreshing native plugins compatible for Editor in 0.34 ms, found 2 plugins.
Preloading 0 native plugins for Editor in 0.00 ms.
Unloading 1562 Unused Serialized files (Serialized files now loaded: 0)
System memory in use before: 78.8 MB.
System memory in use after: 78.3 MB.

Unloading 27 unused Assets to reduce memory usage. Loaded Objects now: 2039.
Total: 2.356400 ms (FindLiveObjects: 0.113800 ms CreateObjectMapping: 0.040400 ms MarkObjects: 1.937900 ms  DeleteObjects: 0.263700 ms)

AssetImportParameters requested are different than current active one (requested -> active):
  custom:framework-win-MediaFoundation: 216162199b28c13a410421893ffa2e32 -> 
  custom:video-decoder-ogg-theora: a1e56fd34408186e4bbccfd4996cb3dc -> 
  custom:container-muxer-webm: aa71ff27fc2769a1b78a27578f13a17b -> 
  custom:container-demuxer-webm: 4f35f7cbe854078d1ac9338744f61a02 -> 
  custom:container-demuxer-ogg: 62fdf1f143b41e24485cea50d1cbac27 -> 
  custom:video-encoder-webm-vp8: eb34c28f22e8b96e1ab97ce403110664 -> 
  custom:video-decoder-webm-vp8: 9c59270c3fd7afecdb556c50c9e8de78 -> 
  custom:audio-decoder-ogg-vorbis: bf7c407c2cedff20999df2af8eb42d56 -> 
  custom:audio-encoder-webm-vorbis: bf7c407c2cedff20999df2af8eb42d56 -> 
========================================================================
Received Prepare
Registering precompiled user dll's ...
Registered in 0.002581 seconds.
Begin MonoManager ReloadAssembly
Native extension for WindowsStandalone target not found
Native extension for WebGL target not found
Refreshing native plugins compatible for Editor in 0.33 ms, found 2 plugins.
Preloading 0 native plugins for Editor in 0.00 ms.
Mono: successfully reloaded assembly
- Completed reload, in  0.789 seconds
Domain Reload Profiling:
	ReloadAssembly (789ms)
		BeginReloadAssembly (94ms)
			ExecutionOrderSort (0ms)
			DisableScriptedObjects (4ms)
			BackupInstance (0ms)
			ReleaseScriptingObjects (0ms)
			CreateAndSetChildDomain (25ms)
		EndReloadAssembly (645ms)
			LoadAssemblies (78ms)
			RebuildTransferFunctionScriptingTraits (0ms)
			SetupTypeCache (228ms)
			ReleaseScriptCaches (1ms)
			RebuildScriptCaches (31ms)
			SetupLoadedEditorAssemblies (234ms)
				LogAssemblyErrors (0ms)
				InitializePlatformSupportModulesInManaged (4ms)
				SetLoadedEditorAssemblies (0ms)
				RefreshPlugins (0ms)
				BeforeProcessingInitializeOnLoad (69ms)
				ProcessInitializeOnLoadAttributes (146ms)
				ProcessInitializeOnLoadMethodAttributes (7ms)
				AfterProcessingInitializeOnLoad (6ms)
				EditorAssembliesLoaded (0ms)
			ExecutionOrderSort2 (0ms)
			AwakeInstancesAfterBackupRestoration (6ms)
Platform modules already initialized, skipping
Refreshing native plugins compatible for Editor in 0.32 ms, found 2 plugins.
Preloading 0 native plugins for Editor in 0.00 ms.
Unloading 1562 Unused Serialized files (Serialized files now loaded: 0)
System memory in use before: 78.9 MB.
System memory in use after: 78.3 MB.

Unloading 27 unused Assets to reduce memory usage. Loaded Objects now: 2041.
Total: 2.685700 ms (FindLiveObjects: 0.104200 ms CreateObjectMapping: 0.039300 ms MarkObjects: 2.264400 ms  DeleteObjects: 0.277000 ms)

AssetImportParameters requested are different than current active one (requested -> active):
  custom:framework-win-MediaFoundation: 216162199b28c13a410421893ffa2e32 -> 
  custom:video-decoder-ogg-theora: a1e56fd34408186e4bbccfd4996cb3dc -> 
  custom:container-muxer-webm: aa71ff27fc2769a1b78a27578f13a17b -> 
  custom:container-demuxer-webm: 4f35f7cbe854078d1ac9338744f61a02 -> 
  custom:container-demuxer-ogg: 62fdf1f143b41e24485cea50d1cbac27 -> 
  custom:video-encoder-webm-vp8: eb34c28f22e8b96e1ab97ce403110664 -> 
  custom:video-decoder-webm-vp8: 9c59270c3fd7afecdb556c50c9e8de78 -> 
  custom:audio-decoder-ogg-vorbis: bf7c407c2cedff20999df2af8eb42d56 -> 
  custom:audio-encoder-webm-vorbis: bf7c407c2cedff20999df2af8eb42d56 -> 
========================================================================
Received Import Request.
  Time since last request: 5387.560123 seconds.
  path: Assets/1.Risours/Materials/0f0930c51eef76aa1a299b7391501544.jpg
  artifactKey: Guid(a45fb2031ce676545bd5152217ce276c) Importer(815301076,1909f56bfc062723c751e8b465ee728b)
Start importing Assets/1.Risours/Materials/0f0930c51eef76aa1a299b7391501544.jpg using Guid(a45fb2031ce676545bd5152217ce276c) Importer(815301076,1909f56bfc062723c751e8b465ee728b)  -> (artifact id: '429e8bde2905c3b2bf5084b26efcf697') in 0.046020 seconds 
  Import took 0.049046 seconds .

========================================================================
Received Import Request.
  Time since last request: 31.304377 seconds.
  path: Assets/1.Risours/Materials/0f0930c51eef76aa1a299b7391501544.psd
  artifactKey: Guid(4b897696e7168d84cb27b253a4eb9175) Importer(815301076,1909f56bfc062723c751e8b465ee728b)
Start importing Assets/1.Risours/Materials/0f0930c51eef76aa1a299b7391501544.psd using Guid(4b897696e7168d84cb27b253a4eb9175) Importer(815301076,1909f56bfc062723c751e8b465ee728b)  -> (artifact id: 'c3d30d521a407dee4edd9a679b0f8863') in 0.010313 seconds 
  Import took 0.012878 seconds .

========================================================================
Received Import Request.
  Time since last request: 4.088525 seconds.
  path: Assets/1.Risours/Materials/Materials
  artifactKey: Guid(356888ee7906dd64fbfa4f337f579ef7) Importer(815301076,1909f56bfc062723c751e8b465ee728b)
Start importing Assets/1.Risours/Materials/Materials using Guid(356888ee7906dd64fbfa4f337f579ef7) Importer(815301076,1909f56bfc062723c751e8b465ee728b)  -> (artifact id: 'c114bb0e76f3d5827d4446a44455fe7d') in 0.006207 seconds 
  Import took 0.009414 seconds .

========================================================================
Received Import Request.
  Time since last request: 35.353482 seconds.
  path: Assets/1.Risours/Materials/Test/Player
  artifactKey: Guid(0386090ca483b8c44a6d824ab12e2ac6) Importer(815301076,1909f56bfc062723c751e8b465ee728b)
Start importing Assets/1.Risours/Materials/Test/Player using Guid(0386090ca483b8c44a6d824ab12e2ac6) Importer(815301076,1909f56bfc062723c751e8b465ee728b)  -> (artifact id: 'ed0e83f1c56d13495bcb43fe4493cd21') in 0.005643 seconds 
  Import took 0.008073 seconds .

========================================================================
Received Import Request.
  Time since last request: 66.236647 seconds.
  path: Assets/1.Risours/Materials/Test/Materials
  artifactKey: Guid(a70a54da79ed8fb488a5f2ae684652a1) Importer(815301076,1909f56bfc062723c751e8b465ee728b)
Start importing Assets/1.Risours/Materials/Test/Materials using Guid(a70a54da79ed8fb488a5f2ae684652a1) Importer(815301076,1909f56bfc062723c751e8b465ee728b)  -> (artifact id: '26dc625a0e1834c4dca4cbadebbecd47') in 0.003249 seconds 
  Import took 0.005679 seconds .

========================================================================
Received Prepare
Registering precompiled user dll's ...
Registered in 0.003697 seconds.
Begin MonoManager ReloadAssembly
Native extension for WindowsStandalone target not found
Native extension for WebGL target not found
Refreshing native plugins compatible for Editor in 0.39 ms, found 2 plugins.
Preloading 0 native plugins for Editor in 0.00 ms.
Mono: successfully reloaded assembly
- Completed reload, in  0.973 seconds
Domain Reload Profiling:
	ReloadAssembly (974ms)
		BeginReloadAssembly (119ms)
			ExecutionOrderSort (0ms)
			DisableScriptedObjects (4ms)
			BackupInstance (0ms)
			ReleaseScriptingObjects (0ms)
			CreateAndSetChildDomain (35ms)
		EndReloadAssembly (794ms)
			LoadAssemblies (98ms)
			RebuildTransferFunctionScriptingTraits (0ms)
			SetupTypeCache (280ms)
			ReleaseScriptCaches (1ms)
			RebuildScriptCaches (37ms)
			SetupLoadedEditorAssemblies (297ms)
				LogAssemblyErrors (0ms)
				InitializePlatformSupportModulesInManaged (6ms)
				SetLoadedEditorAssemblies (1ms)
				RefreshPlugins (0ms)
				BeforeProcessingInitializeOnLoad (86ms)
				ProcessInitializeOnLoadAttributes (186ms)
				ProcessInitializeOnLoadMethodAttributes (9ms)
				AfterProcessingInitializeOnLoad (8ms)
				EditorAssembliesLoaded (0ms)
			ExecutionOrderSort2 (0ms)
			AwakeInstancesAfterBackupRestoration (7ms)
Platform modules already initialized, skipping
Refreshing native plugins compatible for Editor in 0.41 ms, found 2 plugins.
Preloading 0 native plugins for Editor in 0.00 ms.
Unloading 1562 Unused Serialized files (Serialized files now loaded: 0)
System memory in use before: 78.9 MB.
System memory in use after: 78.3 MB.

Unloading 27 unused Assets to reduce memory usage. Loaded Objects now: 2043.
Total: 2.983700 ms (FindLiveObjects: 0.158100 ms CreateObjectMapping: 0.120700 ms MarkObjects: 2.398300 ms  DeleteObjects: 0.305700 ms)

AssetImportParameters requested are different than current active one (requested -> active):
  custom:framework-win-MediaFoundation: 216162199b28c13a410421893ffa2e32 -> 
  custom:video-decoder-ogg-theora: a1e56fd34408186e4bbccfd4996cb3dc -> 
  custom:container-muxer-webm: aa71ff27fc2769a1b78a27578f13a17b -> 
  custom:container-demuxer-webm: 4f35f7cbe854078d1ac9338744f61a02 -> 
  custom:container-demuxer-ogg: 62fdf1f143b41e24485cea50d1cbac27 -> 
  custom:video-encoder-webm-vp8: eb34c28f22e8b96e1ab97ce403110664 -> 
  custom:video-decoder-webm-vp8: 9c59270c3fd7afecdb556c50c9e8de78 -> 
  custom:audio-decoder-ogg-vorbis: bf7c407c2cedff20999df2af8eb42d56 -> 
  custom:audio-encoder-webm-vorbis: bf7c407c2cedff20999df2af8eb42d56 -> 
========================================================================
Received Prepare
Registering precompiled user dll's ...
Registered in 0.002761 seconds.
Begin MonoManager ReloadAssembly
Native extension for WindowsStandalone target not found
Native extension for WebGL target not found
Refreshing native plugins compatible for Editor in 0.42 ms, found 2 plugins.
Preloading 0 native plugins for Editor in 0.00 ms.
Mono: successfully reloaded assembly
- Completed reload, in  0.847 seconds
Domain Reload Profiling:
	ReloadAssembly (848ms)
		BeginReloadAssembly (102ms)
			ExecutionOrderSort (0ms)
			DisableScriptedObjects (4ms)
			BackupInstance (0ms)
			ReleaseScriptingObjects (0ms)
			CreateAndSetChildDomain (26ms)
		EndReloadAssembly (691ms)
			LoadAssemblies (87ms)
			RebuildTransferFunctionScriptingTraits (0ms)
			SetupTypeCache (259ms)
			ReleaseScriptCaches (1ms)
			RebuildScriptCaches (33ms)
			SetupLoadedEditorAssemblies (241ms)
				LogAssemblyErrors (0ms)
				InitializePlatformSupportModulesInManaged (5ms)
				SetLoadedEditorAssemblies (0ms)
				RefreshPlugins (0ms)
				BeforeProcessingInitializeOnLoad (75ms)
				ProcessInitializeOnLoadAttributes (147ms)
				ProcessInitializeOnLoadMethodAttributes (7ms)
				AfterProcessingInitializeOnLoad (6ms)
				EditorAssembliesLoaded (0ms)
			ExecutionOrderSort2 (0ms)
			AwakeInstancesAfterBackupRestoration (6ms)
Platform modules already initialized, skipping
Refreshing native plugins compatible for Editor in 0.33 ms, found 2 plugins.
Preloading 0 native plugins for Editor in 0.00 ms.
Unloading 1562 Unused Serialized files (Serialized files now loaded: 0)
System memory in use before: 78.9 MB.
System memory in use after: 78.3 MB.

Unloading 27 unused Assets to reduce memory usage. Loaded Objects now: 2045.
Total: 2.562500 ms (FindLiveObjects: 0.122900 ms CreateObjectMapping: 0.044200 ms MarkObjects: 2.118500 ms  DeleteObjects: 0.276200 ms)

AssetImportParameters requested are different than current active one (requested -> active):
  custom:framework-win-MediaFoundation: 216162199b28c13a410421893ffa2e32 -> 
  custom:video-decoder-ogg-theora: a1e56fd34408186e4bbccfd4996cb3dc -> 
  custom:container-muxer-webm: aa71ff27fc2769a1b78a27578f13a17b -> 
  custom:container-demuxer-webm: 4f35f7cbe854078d1ac9338744f61a02 -> 
  custom:container-demuxer-ogg: 62fdf1f143b41e24485cea50d1cbac27 -> 
  custom:video-encoder-webm-vp8: eb34c28f22e8b96e1ab97ce403110664 -> 
  custom:video-decoder-webm-vp8: 9c59270c3fd7afecdb556c50c9e8de78 -> 
  custom:audio-decoder-ogg-vorbis: bf7c407c2cedff20999df2af8eb42d56 -> 
  custom:audio-encoder-webm-vorbis: bf7c407c2cedff20999df2af8eb42d56 -> 
========================================================================
Received Prepare
Registering precompiled user dll's ...
Registered in 0.002540 seconds.
Begin MonoManager ReloadAssembly
Native extension for WindowsStandalone target not found
Native extension for WebGL target not found
Refreshing native plugins compatible for Editor in 0.36 ms, found 2 plugins.
Preloading 0 native plugins for Editor in 0.00 ms.
Mono: successfully reloaded assembly
- Completed reload, in  0.812 seconds
Domain Reload Profiling:
	ReloadAssembly (813ms)
		BeginReloadAssembly (95ms)
			ExecutionOrderSort (0ms)
			DisableScriptedObjects (4ms)
			BackupInstance (0ms)
			ReleaseScriptingObjects (0ms)
			CreateAndSetChildDomain (25ms)
		EndReloadAssembly (664ms)
			LoadAssemblies (82ms)
			RebuildTransferFunctionScriptingTraits (0ms)
			SetupTypeCache (244ms)
			ReleaseScriptCaches (1ms)
			RebuildScriptCaches (34ms)
			SetupLoadedEditorAssemblies (234ms)
				LogAssemblyErrors (0ms)
				InitializePlatformSupportModulesInManaged (5ms)
				SetLoadedEditorAssemblies (0ms)
				RefreshPlugins (0ms)
				BeforeProcessingInitializeOnLoad (70ms)
				ProcessInitializeOnLoadAttributes (146ms)
				ProcessInitializeOnLoadMethodAttributes (7ms)
				AfterProcessingInitializeOnLoad (6ms)
				EditorAssembliesLoaded (0ms)
			ExecutionOrderSort2 (0ms)
			AwakeInstancesAfterBackupRestoration (6ms)
Platform modules already initialized, skipping
Refreshing native plugins compatible for Editor in 0.37 ms, found 2 plugins.
Preloading 0 native plugins for Editor in 0.00 ms.
Unloading 1562 Unused Serialized files (Serialized files now loaded: 0)
System memory in use before: 78.9 MB.
System memory in use after: 78.3 MB.

Unloading 27 unused Assets to reduce memory usage. Loaded Objects now: 2047.
Total: 2.569500 ms (FindLiveObjects: 0.117100 ms CreateObjectMapping: 0.044700 ms MarkObjects: 2.122900 ms  DeleteObjects: 0.284000 ms)

AssetImportParameters requested are different than current active one (requested -> active):
  custom:framework-win-MediaFoundation: 216162199b28c13a410421893ffa2e32 -> 
  custom:video-decoder-ogg-theora: a1e56fd34408186e4bbccfd4996cb3dc -> 
  custom:container-muxer-webm: aa71ff27fc2769a1b78a27578f13a17b -> 
  custom:container-demuxer-webm: 4f35f7cbe854078d1ac9338744f61a02 -> 
  custom:container-demuxer-ogg: 62fdf1f143b41e24485cea50d1cbac27 -> 
  custom:video-encoder-webm-vp8: eb34c28f22e8b96e1ab97ce403110664 -> 
  custom:video-decoder-webm-vp8: 9c59270c3fd7afecdb556c50c9e8de78 -> 
  custom:audio-decoder-ogg-vorbis: bf7c407c2cedff20999df2af8eb42d56 -> 
  custom:audio-encoder-webm-vorbis: bf7c407c2cedff20999df2af8eb42d56 -> 
========================================================================
Received Prepare
Registering precompiled user dll's ...
Registered in 0.002709 seconds.
Begin MonoManager ReloadAssembly
Native extension for WindowsStandalone target not found
Native extension for WebGL target not found
Refreshing native plugins compatible for Editor in 0.34 ms, found 2 plugins.
Preloading 0 native plugins for Editor in 0.00 ms.
Mono: successfully reloaded assembly
- Completed reload, in  0.826 seconds
Domain Reload Profiling:
	ReloadAssembly (826ms)
		BeginReloadAssembly (101ms)
			ExecutionOrderSort (0ms)
			DisableScriptedObjects (4ms)
			BackupInstance (0ms)
			ReleaseScriptingObjects (0ms)
			CreateAndSetChildDomain (26ms)
		EndReloadAssembly (669ms)
			LoadAssemblies (85ms)
			RebuildTransferFunctionScriptingTraits (0ms)
			SetupTypeCache (242ms)
			ReleaseScriptCaches (1ms)
			RebuildScriptCaches (36ms)
			SetupLoadedEditorAssemblies (240ms)
				LogAssemblyErrors (0ms)
				InitializePlatformSupportModulesInManaged (5ms)
				SetLoadedEditorAssemblies (0ms)
				RefreshPlugins (0ms)
				BeforeProcessingInitializeOnLoad (70ms)
				ProcessInitializeOnLoadAttributes (151ms)
				ProcessInitializeOnLoadMethodAttributes (7ms)
				AfterProcessingInitializeOnLoad (6ms)
				EditorAssembliesLoaded (0ms)
			ExecutionOrderSort2 (0ms)
			AwakeInstancesAfterBackupRestoration (6ms)
Platform modules already initialized, skipping
Refreshing native plugins compatible for Editor in 0.34 ms, found 2 plugins.
Preloading 0 native plugins for Editor in 0.00 ms.
Unloading 1562 Unused Serialized files (Serialized files now loaded: 0)
System memory in use before: 78.9 MB.
System memory in use after: 78.3 MB.

Unloading 27 unused Assets to reduce memory usage. Loaded Objects now: 2049.
Total: 2.370400 ms (FindLiveObjects: 0.109600 ms CreateObjectMapping: 0.039700 ms MarkObjects: 1.945100 ms  DeleteObjects: 0.275500 ms)

AssetImportParameters requested are different than current active one (requested -> active):
  custom:framework-win-MediaFoundation: 216162199b28c13a410421893ffa2e32 -> 
  custom:video-decoder-ogg-theora: a1e56fd34408186e4bbccfd4996cb3dc -> 
  custom:container-muxer-webm: aa71ff27fc2769a1b78a27578f13a17b -> 
  custom:container-demuxer-webm: 4f35f7cbe854078d1ac9338744f61a02 -> 
  custom:container-demuxer-ogg: 62fdf1f143b41e24485cea50d1cbac27 -> 
  custom:video-encoder-webm-vp8: eb34c28f22e8b96e1ab97ce403110664 -> 
  custom:video-decoder-webm-vp8: 9c59270c3fd7afecdb556c50c9e8de78 -> 
  custom:audio-decoder-ogg-vorbis: bf7c407c2cedff20999df2af8eb42d56 -> 
  custom:audio-encoder-webm-vorbis: bf7c407c2cedff20999df2af8eb42d56 -> 
========================================================================
Received Prepare
Registering precompiled user dll's ...
Registered in 0.002691 seconds.
Begin MonoManager ReloadAssembly
Native extension for WindowsStandalone target not found
Native extension for WebGL target not found
Refreshing native plugins compatible for Editor in 0.35 ms, found 2 plugins.
Preloading 0 native plugins for Editor in 0.00 ms.
Mono: successfully reloaded assembly
- Completed reload, in  0.919 seconds
Domain Reload Profiling:
	ReloadAssembly (920ms)
		BeginReloadAssembly (94ms)
			ExecutionOrderSort (0ms)
			DisableScriptedObjects (4ms)
			BackupInstance (0ms)
			ReleaseScriptingObjects (0ms)
			CreateAndSetChildDomain (24ms)
		EndReloadAssembly (774ms)
			LoadAssemblies (81ms)
			RebuildTransferFunctionScriptingTraits (0ms)
			SetupTypeCache (301ms)
			ReleaseScriptCaches (1ms)
			RebuildScriptCaches (32ms)
			SetupLoadedEditorAssemblies (277ms)
				LogAssemblyErrors (0ms)
				InitializePlatformSupportModulesInManaged (6ms)
				SetLoadedEditorAssemblies (0ms)
				RefreshPlugins (0ms)
				BeforeProcessingInitializeOnLoad (95ms)
				ProcessInitializeOnLoadAttributes (160ms)
				ProcessInitializeOnLoadMethodAttributes (7ms)
				AfterProcessingInitializeOnLoad (7ms)
				EditorAssembliesLoaded (0ms)
			ExecutionOrderSort2 (0ms)
			AwakeInstancesAfterBackupRestoration (6ms)
Platform modules already initialized, skipping
Refreshing native plugins compatible for Editor in 0.33 ms, found 2 plugins.
Preloading 0 native plugins for Editor in 0.00 ms.
Unloading 1562 Unused Serialized files (Serialized files now loaded: 0)
System memory in use before: 78.9 MB.
System memory in use after: 78.3 MB.

Unloading 27 unused Assets to reduce memory usage. Loaded Objects now: 2051.
Total: 3.549900 ms (FindLiveObjects: 0.221400 ms CreateObjectMapping: 0.082100 ms MarkObjects: 2.926900 ms  DeleteObjects: 0.318700 ms)

AssetImportParameters requested are different than current active one (requested -> active):
  custom:framework-win-MediaFoundation: 216162199b28c13a410421893ffa2e32 -> 
  custom:video-decoder-ogg-theora: a1e56fd34408186e4bbccfd4996cb3dc -> 
  custom:container-muxer-webm: aa71ff27fc2769a1b78a27578f13a17b -> 
  custom:container-demuxer-webm: 4f35f7cbe854078d1ac9338744f61a02 -> 
  custom:container-demuxer-ogg: 62fdf1f143b41e24485cea50d1cbac27 -> 
  custom:video-encoder-webm-vp8: eb34c28f22e8b96e1ab97ce403110664 -> 
  custom:video-decoder-webm-vp8: 9c59270c3fd7afecdb556c50c9e8de78 -> 
  custom:audio-decoder-ogg-vorbis: bf7c407c2cedff20999df2af8eb42d56 -> 
  custom:audio-encoder-webm-vorbis: bf7c407c2cedff20999df2af8eb42d56 -> 
========================================================================
Received Prepare
Registering precompiled user dll's ...
Registered in 0.002639 seconds.
Begin MonoManager ReloadAssembly
Native extension for WindowsStandalone target not found
Native extension for WebGL target not found
Refreshing native plugins compatible for Editor in 0.33 ms, found 2 plugins.
Preloading 0 native plugins for Editor in 0.00 ms.
Mono: successfully reloaded assembly
- Completed reload, in  0.816 seconds
Domain Reload Profiling:
	ReloadAssembly (817ms)
		BeginReloadAssembly (94ms)
			ExecutionOrderSort (0ms)
			DisableScriptedObjects (4ms)
			BackupInstance (0ms)
			ReleaseScriptingObjects (0ms)
			CreateAndSetChildDomain (24ms)
		EndReloadAssembly (669ms)
			LoadAssemblies (79ms)
			RebuildTransferFunctionScriptingTraits (0ms)
			SetupTypeCache (242ms)
			ReleaseScriptCaches (1ms)
			RebuildScriptCaches (35ms)
			SetupLoadedEditorAssemblies (241ms)
				LogAssemblyErrors (0ms)
				InitializePlatformSupportModulesInManaged (5ms)
				SetLoadedEditorAssemblies (0ms)
				RefreshPlugins (0ms)
				BeforeProcessingInitializeOnLoad (72ms)
				ProcessInitializeOnLoadAttributes (151ms)
				ProcessInitializeOnLoadMethodAttributes (7ms)
				AfterProcessingInitializeOnLoad (6ms)
				EditorAssembliesLoaded (0ms)
			ExecutionOrderSort2 (0ms)
			AwakeInstancesAfterBackupRestoration (6ms)
Platform modules already initialized, skipping
Refreshing native plugins compatible for Editor in 0.35 ms, found 2 plugins.
Preloading 0 native plugins for Editor in 0.00 ms.
Unloading 1562 Unused Serialized files (Serialized files now loaded: 0)
System memory in use before: 78.9 MB.
System memory in use after: 78.3 MB.

Unloading 27 unused Assets to reduce memory usage. Loaded Objects now: 2053.
Total: 2.518500 ms (FindLiveObjects: 0.128700 ms CreateObjectMapping: 0.051900 ms MarkObjects: 2.052600 ms  DeleteObjects: 0.283900 ms)

AssetImportParameters requested are different than current active one (requested -> active):
  custom:framework-win-MediaFoundation: 216162199b28c13a410421893ffa2e32 -> 
  custom:video-decoder-ogg-theora: a1e56fd34408186e4bbccfd4996cb3dc -> 
  custom:container-muxer-webm: aa71ff27fc2769a1b78a27578f13a17b -> 
  custom:container-demuxer-webm: 4f35f7cbe854078d1ac9338744f61a02 -> 
  custom:container-demuxer-ogg: 62fdf1f143b41e24485cea50d1cbac27 -> 
  custom:video-encoder-webm-vp8: eb34c28f22e8b96e1ab97ce403110664 -> 
  custom:video-decoder-webm-vp8: 9c59270c3fd7afecdb556c50c9e8de78 -> 
  custom:audio-decoder-ogg-vorbis: bf7c407c2cedff20999df2af8eb42d56 -> 
  custom:audio-encoder-webm-vorbis: bf7c407c2cedff20999df2af8eb42d56 -> 
========================================================================
Received Prepare
Registering precompiled user dll's ...
Registered in 0.002511 seconds.
Begin MonoManager ReloadAssembly
Native extension for WindowsStandalone target not found
Native extension for WebGL target not found
Refreshing native plugins compatible for Editor in 0.33 ms, found 2 plugins.
Preloading 0 native plugins for Editor in 0.00 ms.
Mono: successfully reloaded assembly
- Completed reload, in  0.861 seconds
Domain Reload Profiling:
	ReloadAssembly (861ms)
		BeginReloadAssembly (108ms)
			ExecutionOrderSort (0ms)
			DisableScriptedObjects (4ms)
			BackupInstance (0ms)
			ReleaseScriptingObjects (0ms)
			CreateAndSetChildDomain (26ms)
		EndReloadAssembly (700ms)
			LoadAssemblies (88ms)
			RebuildTransferFunctionScriptingTraits (0ms)
			SetupTypeCache (260ms)
			ReleaseScriptCaches (1ms)
			RebuildScriptCaches (41ms)
			SetupLoadedEditorAssemblies (249ms)
				LogAssemblyErrors (0ms)
				InitializePlatformSupportModulesInManaged (5ms)
				SetLoadedEditorAssemblies (0ms)
				RefreshPlugins (0ms)
				BeforeProcessingInitializeOnLoad (80ms)
				ProcessInitializeOnLoadAttributes (150ms)
				ProcessInitializeOnLoadMethodAttributes (7ms)
				AfterProcessingInitializeOnLoad (6ms)
				EditorAssembliesLoaded (0ms)
			ExecutionOrderSort2 (0ms)
			AwakeInstancesAfterBackupRestoration (6ms)
Platform modules already initialized, skipping
Refreshing native plugins compatible for Editor in 0.34 ms, found 2 plugins.
Preloading 0 native plugins for Editor in 0.00 ms.
Unloading 1562 Unused Serialized files (Serialized files now loaded: 0)
System memory in use before: 78.9 MB.
System memory in use after: 78.3 MB.

Unloading 27 unused Assets to reduce memory usage. Loaded Objects now: 2055.
Total: 2.655600 ms (FindLiveObjects: 0.115700 ms CreateObjectMapping: 0.046200 ms MarkObjects: 2.214200 ms  DeleteObjects: 0.278900 ms)

AssetImportParameters requested are different than current active one (requested -> active):
  custom:framework-win-MediaFoundation: 216162199b28c13a410421893ffa2e32 -> 
  custom:video-decoder-ogg-theora: a1e56fd34408186e4bbccfd4996cb3dc -> 
  custom:container-muxer-webm: aa71ff27fc2769a1b78a27578f13a17b -> 
  custom:container-demuxer-webm: 4f35f7cbe854078d1ac9338744f61a02 -> 
  custom:container-demuxer-ogg: 62fdf1f143b41e24485cea50d1cbac27 -> 
  custom:video-encoder-webm-vp8: eb34c28f22e8b96e1ab97ce403110664 -> 
  custom:video-decoder-webm-vp8: 9c59270c3fd7afecdb556c50c9e8de78 -> 
  custom:audio-decoder-ogg-vorbis: bf7c407c2cedff20999df2af8eb42d56 -> 
  custom:audio-encoder-webm-vorbis: bf7c407c2cedff20999df2af8eb42d56 -> 
========================================================================
Received Prepare
Registering precompiled user dll's ...
Registered in 0.002625 seconds.
Begin MonoManager ReloadAssembly
Native extension for WindowsStandalone target not found
Native extension for WebGL target not found
Refreshing native plugins compatible for Editor in 0.63 ms, found 2 plugins.
Preloading 0 native plugins for Editor in 0.00 ms.
Mono: successfully reloaded assembly
- Completed reload, in  0.803 seconds
Domain Reload Profiling:
	ReloadAssembly (804ms)
		BeginReloadAssembly (122ms)
			ExecutionOrderSort (0ms)
			DisableScriptedObjects (4ms)
			BackupInstance (0ms)
			ReleaseScriptingObjects (0ms)
			CreateAndSetChildDomain (43ms)
		EndReloadAssembly (631ms)
			LoadAssemblies (84ms)
			RebuildTransferFunctionScriptingTraits (0ms)
			SetupTypeCache (225ms)
			ReleaseScriptCaches (1ms)
			RebuildScriptCaches (32ms)
			SetupLoadedEditorAssemblies (229ms)
				LogAssemblyErrors (0ms)
				InitializePlatformSupportModulesInManaged (4ms)
				SetLoadedEditorAssemblies (0ms)
				RefreshPlugins (1ms)
				BeforeProcessingInitializeOnLoad (68ms)
				ProcessInitializeOnLoadAttributes (143ms)
				ProcessInitializeOnLoadMethodAttributes (7ms)
				AfterProcessingInitializeOnLoad (6ms)
				EditorAssembliesLoaded (0ms)
			ExecutionOrderSort2 (0ms)
			AwakeInstancesAfterBackupRestoration (6ms)
Platform modules already initialized, skipping
Refreshing native plugins compatible for Editor in 0.33 ms, found 2 plugins.
Preloading 0 native plugins for Editor in 0.00 ms.
Unloading 1562 Unused Serialized files (Serialized files now loaded: 0)
System memory in use before: 78.9 MB.
System memory in use after: 78.3 MB.

Unloading 27 unused Assets to reduce memory usage. Loaded Objects now: 2057.
Total: 2.484000 ms (FindLiveObjects: 0.119000 ms CreateObjectMapping: 0.043300 ms MarkObjects: 2.027500 ms  DeleteObjects: 0.293500 ms)

AssetImportParameters requested are different than current active one (requested -> active):
  custom:framework-win-MediaFoundation: 216162199b28c13a410421893ffa2e32 -> 
  custom:video-decoder-ogg-theora: a1e56fd34408186e4bbccfd4996cb3dc -> 
  custom:container-muxer-webm: aa71ff27fc2769a1b78a27578f13a17b -> 
  custom:container-demuxer-webm: 4f35f7cbe854078d1ac9338744f61a02 -> 
  custom:container-demuxer-ogg: 62fdf1f143b41e24485cea50d1cbac27 -> 
  custom:video-encoder-webm-vp8: eb34c28f22e8b96e1ab97ce403110664 -> 
  custom:video-decoder-webm-vp8: 9c59270c3fd7afecdb556c50c9e8de78 -> 
  custom:audio-decoder-ogg-vorbis: bf7c407c2cedff20999df2af8eb42d56 -> 
  custom:audio-encoder-webm-vorbis: bf7c407c2cedff20999df2af8eb42d56 -> 
========================================================================
Received Prepare
Registering precompiled user dll's ...
Registered in 0.002607 seconds.
Begin MonoManager ReloadAssembly
Native extension for WindowsStandalone target not found
Native extension for WebGL target not found
Refreshing native plugins compatible for Editor in 0.34 ms, found 2 plugins.
Preloading 0 native plugins for Editor in 0.00 ms.
Mono: successfully reloaded assembly
- Completed reload, in  0.814 seconds
Domain Reload Profiling:
	ReloadAssembly (814ms)
		BeginReloadAssembly (97ms)
			ExecutionOrderSort (0ms)
			DisableScriptedObjects (4ms)
			BackupInstance (0ms)
			ReleaseScriptingObjects (0ms)
			CreateAndSetChildDomain (25ms)
		EndReloadAssembly (668ms)
			LoadAssemblies (80ms)
			RebuildTransferFunctionScriptingTraits (0ms)
			SetupTypeCache (242ms)
			ReleaseScriptCaches (1ms)
			RebuildScriptCaches (32ms)
			SetupLoadedEditorAssemblies (242ms)
				LogAssemblyErrors (0ms)
				InitializePlatformSupportModulesInManaged (4ms)
				SetLoadedEditorAssemblies (0ms)
				RefreshPlugins (0ms)
				BeforeProcessingInitializeOnLoad (75ms)
				ProcessInitializeOnLoadAttributes (148ms)
				ProcessInitializeOnLoadMethodAttributes (8ms)
				AfterProcessingInitializeOnLoad (6ms)
				EditorAssembliesLoaded (0ms)
			ExecutionOrderSort2 (0ms)
			AwakeInstancesAfterBackupRestoration (6ms)
Platform modules already initialized, skipping
Refreshing native plugins compatible for Editor in 0.33 ms, found 2 plugins.
Preloading 0 native plugins for Editor in 0.00 ms.
Unloading 1562 Unused Serialized files (Serialized files now loaded: 0)
System memory in use before: 78.9 MB.
System memory in use after: 78.3 MB.

Unloading 27 unused Assets to reduce memory usage. Loaded Objects now: 2059.
Total: 2.417700 ms (FindLiveObjects: 0.117600 ms CreateObjectMapping: 0.043800 ms MarkObjects: 1.963100 ms  DeleteObjects: 0.292200 ms)

AssetImportParameters requested are different than current active one (requested -> active):
  custom:framework-win-MediaFoundation: 216162199b28c13a410421893ffa2e32 -> 
  custom:video-decoder-ogg-theora: a1e56fd34408186e4bbccfd4996cb3dc -> 
  custom:container-muxer-webm: aa71ff27fc2769a1b78a27578f13a17b -> 
  custom:container-demuxer-webm: 4f35f7cbe854078d1ac9338744f61a02 -> 
  custom:container-demuxer-ogg: 62fdf1f143b41e24485cea50d1cbac27 -> 
  custom:video-encoder-webm-vp8: eb34c28f22e8b96e1ab97ce403110664 -> 
  custom:video-decoder-webm-vp8: 9c59270c3fd7afecdb556c50c9e8de78 -> 
  custom:audio-decoder-ogg-vorbis: bf7c407c2cedff20999df2af8eb42d56 -> 
  custom:audio-encoder-webm-vorbis: bf7c407c2cedff20999df2af8eb42d56 -> 
========================================================================
Received Import Request.
  Time since last request: 1100.467176 seconds.
  path: Assets/0.Scenes/Test.unity
  artifactKey: Guid(23f872f816e54204188fc2b3e95a9a7c) Importer(815301076,1909f56bfc062723c751e8b465ee728b)
Start importing Assets/0.Scenes/Test.unity using Guid(23f872f816e54204188fc2b3e95a9a7c) Importer(815301076,1909f56bfc062723c751e8b465ee728b)  -> (artifact id: 'a6d6e8eeb7d0ac5ba79faf7dde9e3140') in 0.022540 seconds 
  Import took 0.025242 seconds .

AssetImportWorkerClient::OnTransportError - code=2 error=End of file
