"Start of log file."
"D:/Unity/GitHub/FallGuysVSAi/FallGuysVSAi/Assets/3.Prefab/cylinder.max"
"Starting max loading and fbx conversion"
window = undefined
"Settings units"
"Before fbx export"
"After fbx export"
"Finished max loading and fbx conversion"
"D:/Unity/GitHub/FallGuysVSAi/FallGuysVSAi/Assets/3.Prefab/tri.max"
"Starting max loading and fbx conversion"
window = undefined
"Settings units"
"Before fbx export"
"After fbx export"
"Finished max loading and fbx conversion"
"D:/Unity/GitHub/FallGuysVSAi/FallGuysVSAi/Assets/3.Prefab/slide.max"
"Starting max loading and fbx conversion"
window = undefined
"Settings units"
"Before fbx export"
"After fbx export"
"Finished max loading and fbx conversion"
"D:/Unity/GitHub/FallGuysVSAi/FallGuysVSAi/Assets/3.Prefab/cylinder 1.max"
"Starting max loading and fbx conversion"
window = undefined
"Settings units"
"Before fbx export"
"After fbx export"
"Finished max loading and fbx conversion"
